0 info it worked if it ends with ok
1 verbose cli [ '/opt/nodejs/v6.11.0/bin/node',
1 verbose cli   '/usr/local/bin/npm',
1 verbose cli   'run',
1 verbose cli   'prod' ]
2 info using npm@3.10.10
3 info using node@v6.11.0
4 verbose run-script [ 'preprod', 'prod', 'postprod' ]
5 info lifecycle angular2-full-stack@4.0.0~preprod: angular2-full-stack@4.0.0
6 silly lifecycle angular2-full-stack@4.0.0~preprod: no script for preprod, continuing
7 info lifecycle angular2-full-stack@4.0.0~prod: angular2-full-stack@4.0.0
8 verbose lifecycle angular2-full-stack@4.0.0~prod: unsafe-perm in lifecycle true
9 verbose lifecycle angular2-full-stack@4.0.0~prod: PATH: /usr/local/lib/node_modules/npm/bin/node-gyp-bin:/home/zhouzhou/Angular-Full-Stack/node_modules/.bin:/opt/nodejs/v6.11.0/bin:/opt/nodejs/v6.11.0/bin:/usr/local/sbin:/usr/local/bin:/usr/sbin:/usr/bin:/sbin:/bin:/usr/games:/usr/local/games
10 verbose lifecycle angular2-full-stack@4.0.0~prod: CWD: /home/zhouzhou/Angular-Full-Stack
11 silly lifecycle angular2-full-stack@4.0.0~prod: Args: [ '-c',
11 silly lifecycle   'concurrently "mongod" "ng build -aot -prod && tsc -p server && node dist/server/app.js"' ]
12 silly lifecycle angular2-full-stack@4.0.0~prod: Returned: code: 1  signal: null
13 info lifecycle angular2-full-stack@4.0.0~prod: Failed to exec prod script
14 verbose stack Error: angular2-full-stack@4.0.0 prod: `concurrently "mongod" "ng build -aot -prod && tsc -p server && node dist/server/app.js"`
14 verbose stack Exit status 1
14 verbose stack     at EventEmitter.<anonymous> (/usr/local/lib/node_modules/npm/lib/utils/lifecycle.js:255:16)
14 verbose stack     at emitTwo (events.js:106:13)
14 verbose stack     at EventEmitter.emit (events.js:191:7)
14 verbose stack     at ChildProcess.<anonymous> (/usr/local/lib/node_modules/npm/lib/utils/spawn.js:40:14)
14 verbose stack     at emitTwo (events.js:106:13)
14 verbose stack     at ChildProcess.emit (events.js:191:7)
14 verbose stack     at maybeClose (internal/child_process.js:891:16)
14 verbose stack     at Process.ChildProcess._handle.onexit (internal/child_process.js:226:5)
15 verbose pkgid angular2-full-stack@4.0.0
16 verbose cwd /home/zhouzhou/Angular-Full-Stack
17 error Linux 4.4.0-31-generic
18 error argv "/opt/nodejs/v6.11.0/bin/node" "/usr/local/bin/npm" "run" "prod"
19 error node v6.11.0
20 error npm  v3.10.10
21 error code ELIFECYCLE
22 error angular2-full-stack@4.0.0 prod: `concurrently "mongod" "ng build -aot -prod && tsc -p server && node dist/server/app.js"`
22 error Exit status 1
23 error Failed at the angular2-full-stack@4.0.0 prod script 'concurrently "mongod" "ng build -aot -prod && tsc -p server && node dist/server/app.js"'.
23 error Make sure you have the latest version of node.js and npm installed.
23 error If you do, this is most likely a problem with the angular2-full-stack package,
23 error not with npm itself.
23 error Tell the author that this fails on your system:
23 error     concurrently "mongod" "ng build -aot -prod && tsc -p server && node dist/server/app.js"
23 error You can get information on how to open an issue for this project with:
23 error     npm bugs angular2-full-stack
23 error Or if that isn't available, you can get their info via:
23 error     npm owner ls angular2-full-stack
23 error There is likely additional logging output above.
24 verbose exit [ 1, true ]
